mode: atomic
linkrus/pipeline/interface.go:26.87,28.2 1 53
linkrus/pipeline/pipeline.go:10.43,12.2 1 5
linkrus/pipeline/pipeline.go:18.81,28.36 5 5
linkrus/pipeline/pipeline.go:32.2,32.37 1 5
linkrus/pipeline/pipeline.go:56.2,59.12 2 5
linkrus/pipeline/pipeline.go:73.2,73.12 1 5
linkrus/pipeline/pipeline.go:80.2,80.12 1 5
linkrus/pipeline/pipeline.go:88.2,89.26 2 5
linkrus/pipeline/pipeline.go:94.2,94.12 1 5
linkrus/pipeline/pipeline.go:28.36,30.3 1 28
linkrus/pipeline/pipeline.go:32.37,35.27 2 23
linkrus/pipeline/pipeline.go:35.27,36.17 1 23
linkrus/pipeline/pipeline.go:43.4,48.6 1 23
linkrus/pipeline/pipeline.go:36.17,41.5 2 23
linkrus/pipeline/pipeline.go:59.12,60.16 1 5
linkrus/pipeline/pipeline.go:69.3,69.48 1 5
linkrus/pipeline/pipeline.go:60.16,65.4 2 5
linkrus/pipeline/pipeline.go:73.12,74.16 1 5
linkrus/pipeline/pipeline.go:77.3,77.57 1 5
linkrus/pipeline/pipeline.go:74.16,76.4 1 5
linkrus/pipeline/pipeline.go:80.12,85.3 3 5
linkrus/pipeline/pipeline.go:89.26,92.3 2 0
linkrus/pipeline/pipeline.go:97.95,98.23 1 5
linkrus/pipeline/pipeline.go:108.2,108.39 1 5
linkrus/pipeline/pipeline.go:98.23,101.10 2 27
linkrus/pipeline/pipeline.go:102.21,103.10 1 0
linkrus/pipeline/pipeline.go:104.25,104.25 0 27
linkrus/pipeline/pipeline.go:108.39,111.3 2 0
linkrus/pipeline/pipeline.go:114.92,116.6 1 5
linkrus/pipeline/pipeline.go:116.6,117.10 1 14
linkrus/pipeline/pipeline.go:118.30,119.11 1 14
linkrus/pipeline/pipeline.go:123.4,123.53 1 9
linkrus/pipeline/pipeline.go:128.4,128.29 1 9
linkrus/pipeline/pipeline.go:129.21,130.10 1 0
linkrus/pipeline/pipeline.go:119.11,121.5 1 5
linkrus/pipeline/pipeline.go:123.53,127.5 3 0
linkrus/pipeline/pipeline.go:135.52,136.9 1 0
linkrus/pipeline/pipeline.go:137.20,137.20 0 0
linkrus/pipeline/pipeline.go:138.10,138.10 0 0
linkrus/pipeline/pipeline.go:149.41,151.2 1 3
linkrus/pipeline/pipeline.go:153.47,155.2 1 119
linkrus/pipeline/pipeline.go:157.48,159.2 1 66
linkrus/pipeline/pipeline.go:161.45,163.2 1 3
linkrus/pipeline/stage.go:9.39,11.2 1 23
linkrus/pipeline/stage.go:19.60,28.6 1 23
linkrus/pipeline/stage.go:28.6,29.10 1 66
linkrus/pipeline/stage.go:30.21,31.10 1 0
linkrus/pipeline/stage.go:32.42,33.11 1 66
linkrus/pipeline/stage.go:40.4,41.18 2 43
linkrus/pipeline/stage.go:51.4,51.25 1 43
linkrus/pipeline/stage.go:57.4,57.11 1 33
linkrus/pipeline/stage.go:33.11,37.5 1 23
linkrus/pipeline/stage.go:41.18,49.5 3 0
linkrus/pipeline/stage.go:51.25,53.13 2 10
linkrus/pipeline/stage.go:59.39,59.39 0 33
linkrus/pipeline/stage.go:60.22,61.11 1 0
linkrus/pipeline/stage.go:67.70,68.21 1 1
linkrus/pipeline/stage.go:73.2,74.34 2 1
linkrus/pipeline/stage.go:78.2,78.39 1 1
linkrus/pipeline/stage.go:68.21,69.51 1 0
linkrus/pipeline/stage.go:74.34,76.3 1 10
linkrus/pipeline/stage.go:86.72,91.36 2 1
linkrus/pipeline/stage.go:100.2,100.11 1 1
linkrus/pipeline/stage.go:91.36,93.28 2 10
linkrus/pipeline/stage.go:93.28,96.4 2 10
linkrus/pipeline/stage.go:103.72,104.21 1 1
linkrus/pipeline/stage.go:109.2,110.34 2 1
linkrus/pipeline/stage.go:114.2,117.3 1 1
linkrus/pipeline/stage.go:104.21,105.53 1 0
linkrus/pipeline/stage.go:110.34,112.3 1 5
linkrus/pipeline/stage.go:125.74,127.6 1 1
linkrus/pipeline/stage.go:181.2,181.40 1 1
linkrus/pipeline/stage.go:127.6,128.10 1 11
linkrus/pipeline/stage.go:129.21,130.14 1 0
linkrus/pipeline/stage.go:131.42,132.11 1 11
linkrus/pipeline/stage.go:137.4,138.11 2 10
linkrus/pipeline/stage.go:145.4,145.47 1 10
linkrus/pipeline/stage.go:132.11,133.15 1 1
linkrus/pipeline/stage.go:139.31,139.31 0 10
linkrus/pipeline/stage.go:140.22,141.15 1 0
linkrus/pipeline/stage.go:145.47,146.18 1 10
linkrus/pipeline/stage.go:154.5,155.19 2 10
linkrus/pipeline/stage.go:162.5,162.26 1 10
linkrus/pipeline/stage.go:171.5,171.12 1 0
linkrus/pipeline/stage.go:146.18,151.6 1 10
linkrus/pipeline/stage.go:155.19,159.6 3 0
linkrus/pipeline/stage.go:162.26,168.6 2 10
linkrus/pipeline/stage.go:172.23,173.12 1 0
linkrus/pipeline/stage.go:174.40,174.40 0 0
linkrus/pipeline/stage.go:181.40,183.3 1 5
linkrus/pipeline/stage.go:186.48,188.21 1 1
linkrus/pipeline/stage.go:192.2,193.26 2 1
linkrus/pipeline/stage.go:197.2,197.33 1 1
linkrus/pipeline/stage.go:188.21,189.63 1 0
linkrus/pipeline/stage.go:193.26,195.3 1 3
linkrus/pipeline/stage.go:204.66,212.36 2 1
linkrus/pipeline/stage.go:227.1,228.6 1 1
linkrus/pipeline/stage.go:259.2,259.26 1 1
linkrus/pipeline/stage.go:263.2,263.11 1 1
linkrus/pipeline/stage.go:212.36,215.26 3 3
linkrus/pipeline/stage.go:215.26,224.4 3 3
linkrus/pipeline/stage.go:228.6,229.10 1 2
linkrus/pipeline/stage.go:230.21,231.14 1 0
linkrus/pipeline/stage.go:232.42,233.11 1 2
linkrus/pipeline/stage.go:239.4,239.43 1 1
linkrus/pipeline/stage.go:233.11,234.15 1 1
linkrus/pipeline/stage.go:239.43,245.15 2 3
linkrus/pipeline/stage.go:249.5,249.12 1 3
linkrus/pipeline/stage.go:245.15,247.6 1 2
linkrus/pipeline/stage.go:250.23,251.12 1 0
linkrus/pipeline/stage.go:252.33,252.33 0 3
linkrus/pipeline/stage.go:259.26,261.3 1 3
